<xml>
<ToUserName><![CDATA[oL1P2vrEm6v2hTPLfccr7NeW8ILM]]></ToUserName>
<FromUserName><![CDATA[gh_7cd3aea42e07]]></FromUserName>
<CreateTime>1490347573</CreateTime>
<MsgType><![CDATA[news]]></MsgType>
<ArticleCount>1</ArticleCount>
<Articles>

                                <item>
                                <Title><![CDATA[最实用的47个让你拍照好看的方法]]></Title>
                                <Description><![CDATA[怎样拍照好看?有个会拍照的男朋友是怎么样的体验?怎么样把女朋友拍得漂亮...]]></Description>
                                <PicUrl><![CDATA[http://www.featherzero.me/img/1.jpg]]></PicUrl>
                                <Url><![CDATA[http://www.featherzero.me/]]></Url>
                                </item>
</Articles>
</xml> <xml>
<ToUserName><![CDATA[oL1P2vrEm6v2hTPLfccr7NeW8ILM]]></ToUserName>
<FromUserName><![CDATA[gh_7cd3aea42e07]]></FromUserName>
<CreateTime>1490347963</CreateTime>
<MsgType><![CDATA[news]]></MsgType>
<ArticleCount>2</ArticleCount>
<Articles>

                                <item>
                                <Title><![CDATA[最实用的47个让你拍照好看的方法]]></Title>
                                <Description><![CDATA[怎样拍照好看?有个会拍照的男朋友是怎么样的体验?怎么样把女朋友拍得漂亮...]]></Description>
                                <PicUrl><![CDATA[http://www.featherzero.me/img/1.jpg]]></PicUrl>
                                <Url><![CDATA[http://www.featherzero.me/]]></Url>
                                </item>
                                <item>
                                <Title><![CDATA[台湾水果种类大全有哪些是你不容错过的？]]></Title>
                                <Description><![CDATA[台湾一直被称为“水果王国”，这里冬季温暖，夏季炎热，光照充足...]]></Description>
                                <PicUrl><![CDATA[http://www.featherzero.me/img/2.jpg]]></PicUrl>
                                <Url><![CDATA[http://www.featherzero.me/]]></Url>
                                </item>
</Articles>
</xml> <xml>
<ToUserName><![CDATA[oL1P2vrEm6v2hTPLfccr7NeW8ILM]]></ToUserName>
<FromUserName><![CDATA[gh_7cd3aea42e07]]></FromUserName>
<CreateTime>1490350921</CreateTime>
<MsgType><![CDATA[news]]></MsgType>
<ArticleCount>1</ArticleCount>
<Articles>

                                <item>
                                <Title><![CDATA[最实用的47个让你拍照好看的方法]]></Title>
                                <Description><![CDATA[怎样拍照好看?有个会拍照的男朋友是怎么样的体验?怎么样把女朋友拍得漂亮...]]></Description>
                                <PicUrl><![CDATA[http://www.featherzero.me/img/1.jpg]]></PicUrl>
                                <Url><![CDATA[http://www.featherzero.me/]]></Url>
                                </item>
</Articles>
</xml>     <xml>
    <ToUserName><![CDATA[oL1P2vrEm6v2hTPLfccr7NeW8ILM]]></ToUserName>
    <FromUserName><![CDATA[gh_7cd3aea42e07]]></FromUserName>
    <CreateTime>1490426167</CreateTime>
    <MsgType><![CDATA[music]]></MsgType>
    <Music>
    <Title><![CDATA[色は匂へど散りぬるを]]></Title>
    <Description><![CDATA[色は匂へど散りぬるを-东方系列音乐]]></Description>
    <MusicUrl><![CDATA[http://www.featherzero.me/music/2.mp3]]></MusicUrl>
    <ThumbMediaId><![CDATA[sO5osUCfB9wWI7JAQVIUMzP66csn8ycnbQgOkcYAnalsl_qh2IAREXzgGdCdbcZa]]></ThumbMediaId>
    </Music>
    </xml>    <xml>
    <ToUserName><![CDATA[oL1P2vrEm6v2hTPLfccr7NeW8ILM]]></ToUserName>
    <FromUserName><![CDATA[gh_7cd3aea42e07]]></FromUserName>
    <CreateTime>1490426303</CreateTime>
    <MsgType><![CDATA[music]]></MsgType>
    <Music>
    <Title><![CDATA[色は匂へど散りぬるを]]></Title>
    <Description><![CDATA[色は匂へど散りぬるを-东方系列音乐]]></Description>
    <MusicUrl><![CDATA[http://www.featherzero.me/music/2.mp3]]></MusicUrl>
    <ThumbMediaId><![CDATA[sO5osUCfB9wWI7JAQVIUMzP66csn8ycnbQgOkcYAnalsl_qh2IAREXzgGdCdbcZa]]></ThumbMediaId>
    </Music>
    </xml>    <xml>
<ToUserName><![CDATA[oL1P2vrEm6v2hTPLfccr7NeW8ILM]]></ToUserName>
<FromUserName><![CDATA[gh_7cd3aea42e07]]></FromUserName>
<CreateTime>1490426327</CreateTime>
<MsgType><![CDATA[news]]></MsgType>
<ArticleCount>1</ArticleCount>
<Articles>

                                <item>
                                <Title><![CDATA[最实用的47个让你拍照好看的方法]]></Title>
                                <Description><![CDATA[怎样拍照好看?有个会拍照的男朋友是怎么样的体验?怎么样把女朋友拍得漂亮...]]></Description>
                                <PicUrl><![CDATA[http://www.featherzero.me/img/1.jpg]]></PicUrl>
                                <Url><![CDATA[http://www.featherzero.me/]]></Url>
                                </item>
</Articles>
</xml>    <xml>
    <ToUserName><![CDATA[oL1P2vrEm6v2hTPLfccr7NeW8ILM]]></ToUserName>
    <FromUserName><![CDATA[gh_7cd3aea42e07]]></FromUserName>
    <CreateTime>1490426830</CreateTime>
    <MsgType><![CDATA[music]]></MsgType>
    <Music>
    <Title><![CDATA[色は匂へど散りぬるを]]></Title>
    <Description><![CDATA[色は匂へど散りぬるを-东方系列音乐]]></Description>
    <MusicUrl><![CDATA[http://www.featherzero.me/music/2.mp3]]></MusicUrl>
    </Music>
    </xml>    <xml>
    <ToUserName><![CDATA[oL1P2vrEm6v2hTPLfccr7NeW8ILM]]></ToUserName>
    <FromUserName><![CDATA[gh_7cd3aea42e07]]></FromUserName>
    <CreateTime>1490429638</CreateTime>
    <MsgType><![CDATA[music]]></MsgType>
    <Music>
    <Title><![CDATA[色は匂へど散りぬるを]]></Title>
    <Description><![CDATA[东方系列音乐]]></Description>
    <MusicUrl><![CDATA[http://www.featherzero.me/music/2.mp3]]></MusicUrl>
    <HQMusicUrl><![CDATA[http://www.featherzero.me/music/2.mp3]]></HQMusicUrl>
    <ThumbMediaId><![CDATA[auAE-uRWaAnVf1bcypf-oWQzUyKC61nwjPCJFM1Hg5N38-VyW-vdJrkSlTmJF6Ln]]></ThumbMediaId>
    </Music>
    </xml>    <xml>
    <ToUserName><![CDATA[oL1P2vrEm6v2hTPLfccr7NeW8ILM]]></ToUserName>
    <FromUserName><![CDATA[gh_7cd3aea42e07]]></FromUserName>
    <CreateTime>1490429776</CreateTime>
    <MsgType><![CDATA[music]]></MsgType>
    <Music>
    <Title><![CDATA[冰雪奇缘]]></Title>
    <Description><![CDATA[冰雪奇缘原声大碟]]></Description>
    <MusicUrl><![CDATA[http://www.featherzero.me/music/music.mp3]]></MusicUrl>
    <HQMusicUrl><![CDATA[http://www.featherzero.me/music/music.mp3]]></HQMusicUrl>
    <ThumbMediaId><![CDATA[auAE-uRWaAnVf1bcypf-oWQzUyKC61nwjPCJFM1Hg5N38-VyW-vdJrkSlTmJF6Ln]]></ThumbMediaId>
    </Music>
    </xml>    <xml>
    <ToUserName><![CDATA[oL1P2vrEm6v2hTPLfccr7NeW8ILM]]></ToUserName>
    <FromUserName><![CDATA[gh_7cd3aea42e07]]></FromUserName>
    <CreateTime>1490429782</CreateTime>
    <MsgType><![CDATA[music]]></MsgType>
    <Music>
    <Title><![CDATA[]]></Title>
    <Description><![CDATA[东方系列音乐]]></Description>
    <MusicUrl><![CDATA[http://www.featherzero.me/music/2.mp3]]></MusicUrl>
    <HQMusicUrl><![CDATA[http://www.featherzero.me/music/2.mp3]]></HQMusicUrl>
    <ThumbMediaId><![CDATA[auAE-uRWaAnVf1bcypf-oWQzUyKC61nwjPCJFM1Hg5N38-VyW-vdJrkSlTmJF6Ln]]></ThumbMediaId>
    </Music>
    </xml>    <xml>
    <ToUserName><![CDATA[oL1P2vrEm6v2hTPLfccr7NeW8ILM]]></ToUserName>
    <FromUserName><![CDATA[gh_7cd3aea42e07]]></FromUserName>
    <CreateTime>1490431393</CreateTime>
    <MsgType><![CDATA[music]]></MsgType>
    <Music>
    <Title><![CDATA[冰雪奇缘]]></Title>
    <Description><![CDATA[冰雪奇缘原声大碟]]></Description>
    <MusicUrl><![CDATA[http://www.featherzero.me/music/music.mp3]]></MusicUrl>
    <HQMusicUrl><![CDATA[http://www.featherzero.me/music/music.mp3]]></HQMusicUrl>
    <ThumbMediaId><![CDATA[auAE-uRWaAnVf1bcypf-oWQzUyKC61nwjPCJFM1Hg5N38-VyW-vdJrkSlTmJF6Ln]]></ThumbMediaId>
    </Music>
    </xml>    <xml>
    <ToUserName><![CDATA[oL1P2vrEm6v2hTPLfccr7NeW8ILM]]></ToUserName>
    <FromUserName><![CDATA[gh_7cd3aea42e07]]></FromUserName>
    <CreateTime>1490431395</CreateTime>
    <MsgType><![CDATA[music]]></MsgType>
    <Music>
    <Title><![CDATA[冰雪奇缘]]></Title>
    <Description><![CDATA[冰雪奇缘原声大碟]]></Description>
    <MusicUrl><![CDATA[http://www.featherzero.me/music/music.mp3]]></MusicUrl>
    <HQMusicUrl><![CDATA[http://www.featherzero.me/music/music.mp3]]></HQMusicUrl>
    <ThumbMediaId><![CDATA[auAE-uRWaAnVf1bcypf-oWQzUyKC61nwjPCJFM1Hg5N38-VyW-vdJrkSlTmJF6Ln]]></ThumbMediaId>
    </Music>
    </xml>    <xml>
    <ToUserName><![CDATA[oL1P2vrEm6v2hTPLfccr7NeW8ILM]]></ToUserName>
    <FromUserName><![CDATA[gh_7cd3aea42e07]]></FromUserName>
    <CreateTime>1490431401</CreateTime>
    <MsgType><![CDATA[music]]></MsgType>
    <Music>
    <Title><![CDATA[]]></Title>
    <Description><![CDATA[东方系列音乐]]></Description>
    <MusicUrl><![CDATA[http://www.featherzero.me/music/2.mp3]]></MusicUrl>
    <HQMusicUrl><![CDATA[http://www.featherzero.me/music/2.mp3]]></HQMusicUrl>
    <ThumbMediaId><![CDATA[auAE-uRWaAnVf1bcypf-oWQzUyKC61nwjPCJFM1Hg5N38-VyW-vdJrkSlTmJF6Ln]]></ThumbMediaId>
    </Music>
    </xml>    <xml>
    <ToUserName><![CDATA[oL1P2vrEm6v2hTPLfccr7NeW8ILM]]></ToUserName>
    <FromUserName><![CDATA[gh_7cd3aea42e07]]></FromUserName>
    <CreateTime>1490431487</CreateTime>
    <MsgType><![CDATA[music]]></MsgType>
    <Music>
    <Title><![CDATA[冰雪奇缘]]></Title>
    <Description><![CDATA[冰雪奇缘原声大碟]]></Description>
    <MusicUrl><![CDATA[http://www.featherzero.me/music/music.mp3]]></MusicUrl>
    <HQMusicUrl><![CDATA[http://www.featherzero.me/music/music.mp3]]></HQMusicUrl>
    <ThumbMediaId><![CDATA[auAE-uRWaAnVf1bcypf-oWQzUyKC61nwjPCJFM1Hg5N38-VyW-vdJrkSlTmJF6Ln]]></ThumbMediaId>
    </Music>
    </xml>    <xml>
    <ToUserName><![CDATA[oL1P2vrEm6v2hTPLfccr7NeW8ILM]]></ToUserName>
    <FromUserName><![CDATA[gh_7cd3aea42e07]]></FromUserName>
    <CreateTime>1490431492</CreateTime>
    <MsgType><![CDATA[music]]></MsgType>
    <Music>
    <Title><![CDATA[色は匂へど散りぬるを]]></Title>
    <Description><![CDATA[东方系列音乐]]></Description>
    <MusicUrl><![CDATA[http://www.featherzero.me/music/2.mp3]]></MusicUrl>
    <HQMusicUrl><![CDATA[http://www.featherzero.me/music/2.mp3]]></HQMusicUrl>
    <ThumbMediaId><![CDATA[auAE-uRWaAnVf1bcypf-oWQzUyKC61nwjPCJFM1Hg5N38-VyW-vdJrkSlTmJF6Ln]]></ThumbMediaId>
    </Music>
    </xml>    <xml>
    <ToUserName><![CDATA[oL1P2vrEm6v2hTPLfccr7NeW8ILM]]></ToUserName>
    <FromUserName><![CDATA[gh_7cd3aea42e07]]></FromUserName>
    <CreateTime>1490432605</CreateTime>
    <MsgType><![CDATA[music]]></MsgType>
    <Music>
    <Title><![CDATA[冰雪奇缘]]></Title>
    <Description><![CDATA[冰雪奇缘原声大碟]]></Description>
    <MusicUrl><![CDATA[http://www.featherzero.me/music/music.mp3]]></MusicUrl>
    <HQMusicUrl><![CDATA[http://www.featherzero.me/music/music.mp3]]></HQMusicUrl>
    <ThumbMediaId><![CDATA[auAE-uRWaAnVf1bcypf-oWQzUyKC61nwjPCJFM1Hg5N38-VyW-vdJrkSlTmJF6Ln]]></ThumbMediaId>
    </Music>
    </xml>    <xml>
    <ToUserName><![CDATA[oL1P2vrEm6v2hTPLfccr7NeW8ILM]]></ToUserName>
    <FromUserName><![CDATA[gh_7cd3aea42e07]]></FromUserName>
    <CreateTime>1490438998</CreateTime>
    <MsgType><![CDATA[music]]></MsgType>
    <Music>
    <Title><![CDATA[冰雪奇缘]]></Title>
    <Description><![CDATA[冰雪奇缘原声大碟]]></Description>
    <MusicUrl><![CDATA[http://www.featherzero.me/music/music.mp3]]></MusicUrl>
    <HQMusicUrl><![CDATA[http://www.featherzero.me/music/music.mp3]]></HQMusicUrl>
    <ThumbMediaId><![CDATA[auAE-uRWaAnVf1bcypf-oWQzUyKC61nwjPCJFM1Hg5N38-VyW-vdJrkSlTmJF6Ln]]></ThumbMediaId>
    </Music>
    </xml>{"touser":{"0":"oL1P2vrEm6v2hTPLfccr7NeW8ILM"},"msgtype":"text","text":{"content":"客户消息接口"}}{"touser":"oL1P2vrEm6v2hTPLfccr7NeW8ILM","msgtype":"text","text":{"content":"客户消息接口"}}{"touser":"oL1P2vrEm6v2hTPLfccr7NeW8ILM","msgtype":"text","text":{"content":"客户消息接口"}}{"touser":"oL1P2vrEm6v2hTPLfccr7NeW8ILM","msgtype":"text","text":{"content":"客户消息接口"}}https://api.weixin.qq.com/cgi-bin/message/custom/send?access_token={"touser":"oL1P2vrEm6v2hTPLfccr7NeW8ILM","msgtype":"text","text":{"content":"客户消息接口"}}https://api.weixin.qq.com/cgi-bin/message/custom/send?access_token={"touser":"oL1P2vrEm6v2hTPLfccr7NeW8ILM","msgtype":"text","text":{"content":"客户消息接口"}}https://api.weixin.qq.com/cgi-bin/message/custom/send?access_token={"touser":"oL1P2vrEm6v2hTPLfccr7NeW8ILM","msgtype":"text","text":{"content":"客户消息接口"}}https://api.weixin.qq.com/cgi-bin/message/custom/send?access_token={"touser":"oL1P2vrEm6v2hTPLfccr7NeW8ILM","msgtype":"text","text":{"content":"客户消息接口"}}https://api.weixin.qq.com/cgi-bin/message/custom/send?access_token={"touser":"oL1P2vrEm6v2hTPLfccr7NeW8ILM","msgtype":"text","text":{"content":"客户消息接口"}}https://api.weixin.qq.com/cgi-bin/message/custom/send?access_token={"touser":"oL1P2vrEm6v2hTPLfccr7NeW8ILM","msgtype":"text","text":{"content":"客户消息接口"}}https://api.weixin.qq.com/cgi-bin/message/custom/send?access_token={"touser":"oL1P2vrEm6v2hTPLfccr7NeW8ILM","msgtype":"text","text":{"content":"客户消息接口"}}https://api.weixin.qq.com/cgi-bin/message/custom/send?access_token={"touser":"oL1P2vrEm6v2hTPLfccr7NeW8ILM","msgtype":"text","text":{"content":"客户消息接口"}}https://api.weixin.qq.com/cgi-bin/message/custom/send?access_token=W-7ySYzKMG4ORrLlB5yVCCsKcOMzJTzIXyt5lgJE96583_L2OE4tukJebM2Buyzb9-M-hBrm8WOPek2fwZo_Zqh7K_h6rmsHvpY0lMLA3uQRDMgAHAHTC    <xml>
    <ToUserName><![CDATA[oL1P2vrEm6v2hTPLfccr7NeW8ILM]]></ToUserName>
    <FromUserName><![CDATA[gh_7cd3aea42e07]]></FromUserName>
    <CreateTime>1490443934</CreateTime>
    <MsgType><![CDATA[music]]></MsgType>
    <Music>
    <Title><![CDATA[冰雪奇缘]]></Title>
    <Description><![CDATA[冰雪奇缘原声大碟]]></Description>
    <MusicUrl><![CDATA[http://www.featherzero.me/music/music.mp3]]></MusicUrl>
    <HQMusicUrl><![CDATA[http://www.featherzero.me/music/music.mp3]]></HQMusicUrl>
    <ThumbMediaId><![CDATA[auAE-uRWaAnVf1bcypf-oWQzUyKC61nwjPCJFM1Hg5N38-VyW-vdJrkSlTmJF6Ln]]></ThumbMediaId>
    </Music>
    </xml>{"touser":"oL1P2vrEm6v2hTPLfccr7NeW8ILM","msgtype":"news","new":{"articles":[{"title":"最实用的47个让你拍照好看的方法","url":"http:\/\/www.featherzero.me\/","picurl":"http:\/\/www.featherzero.me\/music\/1.jpg"},{"title":"台湾水果种类大全有哪些是你不容错过的？","url":"http:\/\/www.featherzero.me\/","picurl":"http:\/\/www.featherzero.me\/music\/2.jpg"}]}}{"touser":"oL1P2vrEm6v2hTPLfccr7NeW8ILM","msgtype":"news","new":{"articles":[{"title":"最实用的47个让你拍照好看的方法","url":"http:\/\/www.featherzero.me\/","picurl":"http:\/\/www.featherzero.me\/music\/1.jpg"},{"title":"台湾水果种类大全有哪些是你不容错过的？","url":"http:\/\/www.featherzero.me\/","picurl":"http:\/\/www.featherzero.me\/music\/2.jpg"}]}}https://api.weixin.qq.com/cgi-bin/message/custom/send?access_token=BjSpgBjg9rW4O1R82AoZIKo4f7hjB3Pnj6QNIktfDlx38jKOQONMHOXklMcCpuHAMFyP9hQ-UhOqQXNghJiibSl9ty-1ru-kR_7lIjdlIzs5x_Qs3qljn1zoaaSl8BaILPMdAIAZDA{"touser":"oL1P2vrEm6v2hTPLfccr7NeW8ILM","msgtype":"news","news":{"articles":[{"title":"最实用的47个让你拍照好看的方法","url":"http:\/\/www.featherzero.me\/","picurl":"http:\/\/www.featherzero.me\/music\/1.jpg"},{"title":"台湾水果种类大全有哪些是你不容错过的？","url":"http:\/\/www.featherzero.me\/","picurl":"http:\/\/www.featherzero.me\/music\/2.jpg"}]}}https://api.weixin.qq.com/cgi-bin/message/custom/send?access_token=N5SHOpqtWH0BpJm8zKaq9-braorfiOVay03lmQLx53AWg4kxe2AxtH71OuTRuM4pLPd0bOMMJS8QO-P6SgENz-RGMzzs6JVD6EjflP0sv2WMhyM8hjhoHe3Zp9yPB-rRDNMbABAMWV{"touser":"oL1P2vrEm6v2hTPLfccr7NeW8ILM","msgtype":"news","news":{"articles":[{"title":"最实用的47个让你拍照好看的方法","url":"http:\/\/www.featherzero.me\/","picurl":"http:\/\/www.featherzero.me\/music\/1.jpg"},{"title":"台湾水果种类大全有哪些是你不容错过的？","url":"http:\/\/www.featherzero.me\/","picurl":"http:\/\/www.featherzero.me\/music\/2.jpg"}]}}https://api.weixin.qq.com/cgi-bin/message/custom/send?access_token={"touser":"oL1P2vrEm6v2hTPLfccr7NeW8ILM","msgtype":"news","news":{"articles":[{"title":"最实用的47个让你拍照好看的方法","url":"http:\/\/www.featherzero.me\/","picurl":"http:\/\/www.featherzero.me\/music\/1.jpg"},{"title":"台湾水果种类大全有哪些是你不容错过的？","url":"http:\/\/www.featherzero.me\/","picurl":"http:\/\/www.featherzero.me\/music\/2.jpg"}]}}https://api.weixin.qq.com/cgi-bin/message/custom/send?access_token=lDc02l9O7mBjnk35sxYok60tW6eURovtsPQV8vGmdHcWMyndS-zuEY3WziPDWQNpji8hZap5UNPtOwn4B1qAYz9ZWScL5OS933PEUwmfkxWBRW0S8ANI0EUepT1FCaCCAYPgABAECT    <xml>
    <ToUserName><![CDATA[oL1P2vrEm6v2hTPLfccr7NeW8ILM]]></ToUserName>
    <FromUserName><![CDATA[gh_7cd3aea42e07]]></FromUserName>
    <CreateTime>1490532933</CreateTime>
    <MsgType><![CDATA[music]]></MsgType>
    <Music>
    <Title><![CDATA[冰雪奇缘]]></Title>
    <Description><![CDATA[冰雪奇缘原声大碟]]></Description>
    <MusicUrl><![CDATA[http://www.featherzero.me/music/music.mp3]]></MusicUrl>
    <HQMusicUrl><![CDATA[http://www.featherzero.me/music/music.mp3]]></HQMusicUrl>
    <ThumbMediaId><![CDATA[auAE-uRWaAnVf1bcypf-oWQzUyKC61nwjPCJFM1Hg5N38-VyW-vdJrkSlTmJF6Ln]]></ThumbMediaId>
    </Music>
    </xml>    <xml>
    <ToUserName><![CDATA[oL1P2vrEm6v2hTPLfccr7NeW8ILM]]></ToUserName>
    <FromUserName><![CDATA[gh_7cd3aea42e07]]></FromUserName>
    <CreateTime>1490532997</CreateTime>
    <MsgType><![CDATA[music]]></MsgType>
    <Music>
    <Title><![CDATA[色は匂へど散りぬるを]]></Title>
    <Description><![CDATA[东方系列音乐]]></Description>
    <MusicUrl><![CDATA[http://www.featherzero.me/music/2.mp3]]></MusicUrl>
    <HQMusicUrl><![CDATA[http://www.featherzero.me/music/2.mp3]]></HQMusicUrl>
    <ThumbMediaId><![CDATA[auAE-uRWaAnVf1bcypf-oWQzUyKC61nwjPCJFM1Hg5N38-VyW-vdJrkSlTmJF6Ln]]></ThumbMediaId>
    </Music>
    </xml>